<?xml version="1.0" encoding="UTF-8"?>
<!-- Generated by org.testng.reporters.JUnitReportReporter -->
<testsuite skipped="0" hostname="LAPTOP-CE5NOSOD" name="testRunner.new_Account_Registration" tests="1" failures="0" timestamp="24 Dec 2022 10:19:55 GMT" time="7.246" errors="0">
  <testcase name="feature" time="7.246" classname="testRunner.new_Account_Registration"/>
</testsuite> <!-- testRunner.new_Account_Registration -->
